1
/Hotel_Review-g186338-d195206-Reviews-Lancaster_Gate_Hotel-London_England.html
/Hotel_Review-g186338-d243430-Reviews-London_House_Hotel-London_England.html
/Hotel_Review-g186338-d263698-Reviews-Westpoint_Hotel-London_England.html
/Hotel_Review-g186338-d605668-Reviews-Tudor_Court_Hotel-London_England.html
/Hotel_Review-g186338-d214641-Reviews-Europa_House_Hotel-London_England.html
/Hotel_Review-g294458-d300679-Reviews-Athenee_Palace_Hilton_Bucharest-Bucharest.html
/Hotel_Review-g294458-d586717-Reviews-K_K_Hotel_Elisabeta-Bucharest.html
/Hotel_Review-g294458-d304775-Reviews-Grand_Hotel_Continental-Bucharest.html
/Hotel_Review-g294458-d1546709-Reviews-Capital_Plaza-Bucharest.html
/Hotel_Review-g294458-d1638746-Reviews-Hotel_Christina-Bucharest.html
/Hotel_Review-g294458-d1952911-Reviews-Epoque_Hotel-Bucharest.html
/Hotel_Review-g294458-d3505206-Reviews-Hotel_Cismigiu-Bucharest.html
/Hotel_Review-g294458-d535187-Reviews-Rembrandt_Hotel-Bucharest.html
/Hotel_Review-g294458-d304878-Reviews-InterContinental_Bucharest-Bucharest.html
/Hotel_Review-g294458-d1027852-Reviews-Radisson_Blu_Hotel_Bucharest-Bucharest.html
/Hotel_Review-g294458-d299811-Reviews-JW_Marriott_Bucharest_Grand_Hotel-Bucharest.html
/Hotel_Review-g294458-d2222655-Reviews-Sarroglia_Hotel-Bucharest.html
/Hotel_Review-g294458-d621040-Reviews-Le_Boutique_Hotel_Moxa-Bucharest.html
/Hotel_Review-g294458-d2325644-Reviews-Boutique_Monaco-Bucharest.html
/Hotel_Review-g294458-d1408034-Reviews-Berthelot-Bucharest.html
/Hotel_Review-g294458-d601712-Reviews-Tempo_Hotel-Bucharest.html
/Hotel_Review-g294458-d621039-Reviews-Ramada_Hotel_Suites_Bucharest_North-Bucharest.html
/Hotel_Review-g294458-d1783759-Reviews-Europa_Royale_Bucharest-Bucharest.html
/Hotel_Review-g294458-d3265424-Reviews-Marshal_Garden_Hotel-Bucharest.html
/Hotel_Review-g294458-d299179-Reviews-Crowne_Plaza_Bucharest-Bucharest.html
/Hotel_Review-g294458-d602882-Reviews-Hotel_Unique-Bucharest.html
/Hotel_Review-g294458-d324571-Reviews-Caro_Golf_Hotel-Bucharest.html
/Hotel_Review-g294458-d608215-Reviews-Novotel_Bucarest_City_Centre-Bucharest.html
/Hotel_Review-g294458-d3605123-Reviews-Premier_Palace_Hotel_Spa-Bucharest.html
/Hotel_Review-g294458-d951283-Reviews-Hotel_Trianon-Bucharest.html
/Hotel_Review-g294458-d578316-Reviews-NH_Bucharest-Bucharest.html
/Hotel_Review-g294458-d596397-Reviews-Doubletree_by_Hilton_Bucharest_Unirii_Square-Bucharest.html
/Hotel_Review-g294458-d300789-Reviews-Pullman_Bucharest_World_Trade_Center-Bucharest.html
/Hotel_Review-g294458-d646237-Reviews-Agentia_H_Accommodation-Bucharest.html
/Hotel_Review-g294458-d304875-Reviews-Howard_Johnson_Grand_Plaza_Hotel_Bucharest-Bucharest.html

2
/Hotel_Review-g294458-d1963058-Reviews-Z_Executive_Boutique_Hotel-Bucharest.html
/Hotel_Review-g294458-d816441-Reviews-Ramada_Plaza_Bucharest_Convention_Center-Bucharest.html
/Hotel_Review-g294458-d308497-Reviews-Hotel_Ambasador-Bucharest.html
/Hotel_Review-g294458-d601711-Reviews-Arc_de_Triomphe_by_Residence_Hotels-Bucharest.html
/Hotel_Review-g294458-d650520-Reviews-Carol_Parc_Hotel-Bucharest.html
/Hotel_Review-g294458-d2233041-Reviews-Decebal_Boutique_Hotel-Bucharest.html
/Hotel_Review-g294458-d969908-Reviews-RIN_Grand_Hotel-Bucharest.html
/Hotel_Review-g294458-d670628-Reviews-Hotel_Vila_Paris-Bucharest.html
/Hotel_Review-g294458-d2152363-Reviews-BEST_WESTERN_PLUS_Mari_Vila_Hotel_Bucharest-Bucharest.html
/Hotel_Review-g294458-d615872-Reviews-Armonia_Hotel-Bucharest.html
/Hotel_Review-g294458-d7156058-Reviews-Mercure_Bucharest_City_Center-Bucharest.html
/Hotel_Review-g294458-d308501-Reviews-Crystal_Palace_Hotel-Bucharest.html
/Hotel_Review-g294458-d615824-Reviews-Phoenicia_Grand_Hotel-Bucharest.html
/Hotel_Review-g294458-d601652-Reviews-Hotel_Dan-Bucharest.html
/Hotel_Review-g294458-d1568381-Reviews-Zava_Boutique_Hotel-Bucharest.html
/Hotel_Review-g294458-d589078-Reviews-Golden_Tulip_Times-Bucharest.html
/Hotel_Review-g294458-d2510963-Reviews-Hotel_West_Plaza-Bucharest.html
/Hotel_Review-g294458-d1058415-Reviews-Amzei_Hotel-Bucharest.html
/Hotel_Review-g294458-d1451702-Reviews-Starlight_Suites_Hotel-Bucharest.html
/Hotel_Review-g294458-d1587175-Reviews-Hello_Hotel-Bucharest.html
/Hotel_Review-g294458-d554429-Reviews-Herastrau_Hotel-Bucharest.html
/Hotel_Review-g294458-d606558-Reviews-Hotel_Lev_Or-Bucharest.html
/Hotel_Review-g294458-d455638-Reviews-Duke_Hotel-Bucharest.html
/Hotel_Review-g294458-d1051919-Reviews-Domenii_Plaza_by_Residence-Bucharest.html
/Hotel_Review-g294458-d659646-Reviews-Hotel_Venezia-Bucharest.html
/Hotel_Review-g294458-d2399995-Reviews-Phoenicia_Comfort-Bucharest.html
/Hotel_Review-g294458-d299347-Reviews-Ramada_Bucharest_Parc-Bucharest.html
/Hotel_Review-g294458-d455641-Reviews-Hotel_Opera-Bucharest.html
/Hotel_Review-g294458-d675887-Reviews-Hotel_Michelangelo-Bucharest.html
/Hotel_Review-g294458-d549534-Reviews-Golden_Tulip_Victoria_Bucharest-Bucharest.html

3
/Hotel_Review-g294458-d304881-Reviews-Parliament_Hotel-Bucharest.html
/Hotel_Review-g294458-d309661-Reviews-Hotel_Central-Bucharest.html
/Hotel_Review-g294458-d3384405-Reviews-Hotel_Ambiance-Bucharest.html
/Hotel_Review-g294458-d556993-Reviews-Hotel_Relax_Comfort_Suites-Bucharest.html
/Hotel_Review-g294458-d526787-Reviews-Ibis_Bucarest_Parliament_House-Bucharest.html
/Hotel_Review-g294458-d950971-Reviews-The_Seasons_Bucharest_Hotel-Bucharest.html
/Hotel_Review-g294458-d304774-Reviews-Class_Hotel-Bucharest.html
/Hotel_Review-g294458-d557142-Reviews-Hotel_Irisa-Bucharest.html
/Hotel_Review-g294458-d595781-Reviews-Hotel_Dacia-Bucharest.html
/Hotel_Review-g294458-d658053-Reviews-Hotel_Marshal-Bucharest.html
/Hotel_Review-g294458-d6212130-Reviews-Caro_Parc_Hotel-Bucharest.html
/Hotel_Review-g294458-d2157611-Reviews-RIN_Central_Hotel_Bucharest-Bucharest.html
/Hotel_Review-g294458-d2418246-Reviews-Visconti_Militari-Bucharest.html
/Hotel_Review-g294458-d304879-Reviews-Ramada_Majestic_Hotel-Bucharest.html
/Hotel_Review-g294458-d616681-Reviews-Tania_Hotel-Bucharest.html
/Hotel_Review-g294458-d601639-Reviews-Banat-Bucharest.html
/Hotel_Review-g294458-d1735523-Reviews-INTER_BUSINESS_Bucharest_Hotel-Bucharest.html
/Hotel_Review-g294458-d601683-Reviews-Hotel_Horoscop-Bucharest.html
/Hotel_Review-g294458-d304883-Reviews-Minerva_Hotel-Bucharest.html
/Hotel_Review-g294458-d2426142-Reviews-Passion_club-Bucharest.html
/Hotel_Review-g294458-d304876-Reviews-Ibis_Bucuresti_Gara_de_Nord-Bucharest.html
/Hotel_Review-g294458-d601795-Reviews-Piccolo_Mondo-Bucharest.html
/Hotel_Review-g294458-d601713-Reviews-Hotel_International-Bucharest.html
/Hotel_Review-g294458-d1533224-Reviews-Hotel_SS_Residence_Unirii-Bucharest.html
/Hotel_Review-g294458-d615410-Reviews-Hotel_Suter_Inn-Bucharest.html
/Hotel_Review-g294458-d304772-Reviews-Capitol_Hotel-Bucharest.html
/Hotel_Review-g294458-d2192061-Reviews-Green_Forum_Hotel-Bucharest.html
/Hotel_Review-g294458-d601681-Reviews-Hanul_lui_Manuc-Bucharest.html
/Hotel_Review-g294458-d1510503-Reviews-Hotel_Razvan-Bucharest.html
/Hotel_Review-g294458-d1106197-Reviews-Casa_Augsburg-Bucharest.html

4
/Hotel_Review-g294458-d1736216-Reviews-Phoenicia_Express_Hotel-Bucharest.html
/Hotel_Review-g294458-d648993-Reviews-VoloSuites-Bucharest.html
/Hotel_Review-g294458-d637676-Reviews-Hotel_Siqua-Bucharest.html
/Hotel_Review-g294458-d1538763-Reviews-Phoenicia_Apartments_Unirii-Bucharest.html
/Hotel_Review-g294458-d1185417-Reviews-Hotel_Royal_Bucharest-Bucharest.html
/Hotel_Review-g294458-d643123-Reviews-Euro_Hotels_International_Triumf-Bucharest.html
/Hotel_Review-g294458-d3346573-Reviews-Grand_Pier_Business_Center-Bucharest.html
/Hotel_Review-g294458-d497651-Reviews-Bulevard_Hotel-Bucharest.html
/Hotel_Review-g294458-d557143-Reviews-BEST_WESTERN_Stil_Hotel-Bucharest.html
/Hotel_Review-g294458-d535766-Reviews-Elizeu-Bucharest.html
/Hotel_Review-g294458-d1129478-Reviews-Monte_Carlo_Palace-Bucharest.html
/Hotel_Review-g294458-d601635-Reviews-Marna-Bucharest.html
/Hotel_Review-g294458-d601788-Reviews-Capsa-Bucharest.html
/Hotel_Review-g294458-d602616-Reviews-Centre_Ville_Elite_Aparthotel-Bucharest.html
/Hotel_Review-g294458-d601790-Reviews-El_Greco-Bucharest.html
/Hotel_Review-g294458-d636990-Reviews-Samaa_Hotel-Bucharest.html
/Hotel_Review-g294458-d601654-Reviews-Euro_Hotels_International-Bucharest.html
/Hotel_Review-g294458-d2162005-Reviews-Hotel_Yesterday-Bucharest.html
/Hotel_Review-g294458-d1370547-Reviews-Citadella_Hotel-Bucharest.html
/Hotel_Review-g294458-d1866586-Reviews-Andy_Hotel-Bucharest.html
/Hotel_Review-g294458-d1465972-Reviews-Hotel_Sir_Colentina-Bucharest.html
/Hotel_Review-g294458-d632316-Reviews-Sunset_Hotel-Bucharest.html
/Hotel_Review-g294458-d573300-Reviews-Confort_Traian-Bucharest.html
/Hotel_Review-g294458-d601626-Reviews-Hostel_Miorita-Bucharest.html
/Hotel_Review-g294458-d2097953-Reviews-Hotel_Villa_RIT-Bucharest.html
/Hotel_Review-g294458-d1222996-Reviews-Stil_Suites_Accommodation_Apartments-Bucharest.html
/Hotel_Review-g294458-d601792-Reviews-Persepolis_Hotel-Bucharest.html
/Hotel_Review-g294458-d951023-Reviews-Hotel_Est-Bucharest.html
/Hotel_Review-g294458-d1695857-Reviews-Vilo_s_Hotel-Bucharest.html
/Hotel_Review-g294458-d309656-Reviews-Hotel_Bucuresti-Bucharest.html

5
/Hotel_Review-g294458-d505333-Reviews-Hotel_Monte_Nelly-Bucharest.html
/Hotel_Review-g294458-d1900953-Reviews-Hotel_Hornet-Bucharest.html
/Hotel_Review-g294458-d601637-Reviews-Antheus_Hotel-Bucharest.html
/Hotel_Review-g294458-d601641-Reviews-Hotel_Bristol-Bucharest.html
/Hotel_Review-g294458-d1081214-Reviews-Yourhotels_Kogalniceanu-Bucharest.html
/Hotel_Review-g294458-d455273-Reviews-Lebada_Hotel-Bucharest.html
/Hotel_Review-g294458-d309651-Reviews-Batistei_Hotel-Bucharest.html
/Hotel_Review-g294458-d601636-Reviews-Muntenia-Bucharest.html
/Hotel_Review-g294458-d601634-Reviews-Cerna-Bucharest.html
/Hotel_Review-g294458-d622969-Reviews-Astoria_Hotel-Bucharest.html
/Hotel_Review-g294458-d675890-Reviews-Yourhotels_Gara_Filaret_Motel-Bucharest.html
/Hotel_Review-g294458-d304870-Reviews-Euro_Hotels_and_Suites_Kogalniceanu-Bucharest.html
/Hotel_Review-g294458-d1186296-Reviews-Finitconsult_Apartments_Bucharest-Bucharest.html
/Hotel_Review-g294458-d557108-Reviews-Floreta_de_Aur-Bucharest.html
/Hotel_Review-g294458-d621037-Reviews-Residence_Villa_Marchisa-Bucharest.html
/Hotel_Review-g294458-d1222691-Reviews-Nelisse_One_Hotel-Bucharest.html
/Hotel_Review-g294458-d309667-Reviews-Hotel_Triumf-Bucharest.html
/Hotel_Review-g294458-d308506-Reviews-Lido_Hotel-Bucharest.html
/Hotel_Review-g294458-d601633-Reviews-Casa_Victor-Bucharest.html
/Hotel_Review-g294458-d1749538-Reviews-Sir_Orhideea-Bucharest.html
/Hotel_Review-g294458-d1380915-Reviews-City_Hotel_Bucharest-Bucharest.html
/Hotel_Review-g294458-d556999-Reviews-Centre_Ville_Aparthotel-Bucharest.html
/Hotel_Review-g294458-d304872-Reviews-Dalin_Hotel-Bucharest.html
/Hotel_Review-g294458-d3381436-Reviews-Hotel_Victoria-Bucharest.html
/Hotel_Review-g294458-d3431498-Reviews-Orhideea_Residence_Spa-Bucharest.html
/Hotel_Review-g294458-d1762601-Reviews-Magic_Grand_Hotel-Bucharest.html
/Hotel_Review-g294458-d601472-Reviews-Hotel_Diplomat-Bucharest.html
/Hotel_Review-g294458-d455640-Reviews-Erbasu_Hotel-Bucharest.html
/Hotel_Review-g294458-d1035860-Reviews-FunnyTime-Bucharest.html
/Hotel_Review-g294458-d2171349-Reviews-Bucharest_West_Motel-Bucharest.html

6
/Hotel_Review-g294458-d1081071-Reviews-Colentina_Motel-Bucharest.html
/Hotel_Review-g294458-d1196087-Reviews-Didahouse-Bucharest.html
/Hotel_Review-g294458-d7161907-Reviews-Euro_Hotel_Grivita-Bucharest.html
/Hotel_Review-g294458-d309664-Reviews-Flanders_Hotel-Bucharest.html
/Hotel_Review-g294458-d557105-Reviews-Floreasca-Bucharest.html
/Hotel_Review-g294458-d304874-Reviews-Helvetia_Hotel-Bucharest.html
/Hotel_Review-g294458-d308505-Reviews-Hotel_Viilor-Bucharest.html
/Hotel_Review-g294458-d622933-Reviews-Johann_Strauss_Hotel-Bucharest.html
/Hotel_Review-g294458-d1222945-Reviews-Omega_Suites-Bucharest.html
/Hotel_Review-g294458-d1978033-Reviews-Phoenicia_Residential_Apartments-Bucharest.html
/Hotel_Review-g294458-d4259453-Reviews-Student_Hotel-Bucharest.html
/Hotel_Review-g294458-d645683-Reviews-Unirii_Apartments-Bucharest.html

<review
